\BOOKMARK [0][-]{chapter.1}{\376\377\000I\000n\000t\000r\000o\000d\000u\000c\000t\000i\000o\000n}{}% 1
\BOOKMARK [1][-]{section.1.1}{\376\377\000D\000e\000s\000c\000r\000i\000p\000t\000i\000o\000n}{chapter.1}% 2
\BOOKMARK [1][-]{section.1.2}{\376\377\000M\000o\000t\000i\000v\000a\000t\000i\000o\000n}{chapter.1}% 3
\BOOKMARK [1][-]{section.1.3}{\376\377\000T\000h\000e\000s\000i\000s\000\040\000O\000u\000t\000l\000i\000n\000e}{chapter.1}% 4
\BOOKMARK [0][-]{chapter.2}{\376\377\000B\000a\000c\000k\000e\000n\000d}{}% 5
\BOOKMARK [1][-]{section.2.1}{\376\377\000M\000i\000c\000r\000o\000s\000e\000r\000v\000i\000c\000e\000s}{chapter.2}% 6
\BOOKMARK [2][-]{subsection.2.1.1}{\376\377\000P\000r\000o\000s}{section.2.1}% 7
\BOOKMARK [2][-]{subsection.2.1.2}{\376\377\000C\000o\000n\000s}{section.2.1}% 8
\BOOKMARK [1][-]{section.2.2}{\376\377\000A\000u\000t\000h\000o\000r\000i\000z\000a\000t\000i\000o\000n}{chapter.2}% 9
\BOOKMARK [2][-]{subsection.2.2.1}{\376\377\000J\000W\000T}{section.2.2}% 10
\BOOKMARK [2][-]{subsection.2.2.2}{\376\377\000I\000m\000p\000l\000e\000m\000e\000n\000t\000a\000t\000i\000o\000n}{section.2.2}% 11
\BOOKMARK [1][-]{section.2.3}{\376\377\000D\000a\000t\000a\000b\000a\000s\000e}{chapter.2}% 12
\BOOKMARK [1][-]{section.2.4}{\376\377\000M\000a\000z\000e\000\040\000g\000e\000n\000e\000r\000a\000t\000i\000o\000n}{chapter.2}% 13
\BOOKMARK [2][-]{subsection.2.4.1}{\376\377\000D\000i\000s\000j\000o\000i\000n\000t\000\040\000S\000e\000t\000\040\000U\000n\000i\000o\000n}{section.2.4}% 14
\BOOKMARK [2][-]{subsection.2.4.2}{\376\377\000E\000l\000l\000e\000r\000'\000s\000\040\000a\000l\000g\000o\000r\000i\000t\000h\000m}{section.2.4}% 15
\BOOKMARK [2][-]{subsection.2.4.3}{\376\377\000S\000u\000m\000m\000i\000n\000g\000\040\000u\000p}{section.2.4}% 16
\BOOKMARK [1][-]{section.2.5}{\376\377\000M\000u\000l\000t\000i\000p\000l\000a\000y\000e\000r}{chapter.2}% 17
\BOOKMARK [2][-]{subsection.2.5.1}{\376\377\000M\000i\000n\000d\000s\000\040\000o\000n\000\040\000i\000m\000p\000l\000e\000m\000e\000n\000t\000a\000t\000i\000o\000n}{section.2.5}% 18
\BOOKMARK [0][-]{chapter.3}{\376\377\000F\000r\000o\000n\000t\000e\000n\000d}{}% 19
\BOOKMARK [1][-]{section.3.1}{\376\377\000S\000t\000a\000c\000k\000\040\000o\000f\000\040\000t\000e\000c\000h\000n\000o\000l\000o\000g\000i\000e\000s}{chapter.3}% 20
\BOOKMARK [2][-]{subsection.3.1.1}{\376\377\000T\000y\000p\000e\000s\000c\000r\000i\000p\000t}{section.3.1}% 21
\BOOKMARK [2][-]{subsection.3.1.2}{\376\377\000R\000e\000a\000c\000t}{section.3.1}% 22
\BOOKMARK [2][-]{subsection.3.1.3}{\376\377\000R\000e\000d\000u\000x}{section.3.1}% 23
\BOOKMARK [2][-]{subsection.3.1.4}{\376\377\000M\000a\000t\000e\000r\000i\000a\000l\000-\000U\000I}{section.3.1}% 24
\BOOKMARK [2][-]{subsection.3.1.5}{\376\377\000A\000x\000i\000o\000s}{section.3.1}% 25
\BOOKMARK [2][-]{subsection.3.1.6}{\376\377\000r\000e\000a\000c\000t\000-\000r\000o\000u\000t\000e\000r\000-\000d\000o\000m}{section.3.1}% 26
\BOOKMARK [2][-]{subsection.3.1.7}{\376\377\000S\000C\000S\000S}{section.3.1}% 27
\BOOKMARK [1][-]{section.3.2}{\376\377\000M\000a\000z\000e\000\040\000g\000a\000m\000e\000\040\000i\000m\000p\000l\000e\000m\000e\000n\000t\000a\000t\000i\000o\000n}{chapter.3}% 28
\BOOKMARK [2][-]{subsection.3.2.1}{\376\377\000T\000h\000r\000o\000t\000t\000l\000i\000n\000g}{section.3.2}% 29
\BOOKMARK [1][-]{section.3.3}{\376\377\000M\000u\000l\000t\000i\000p\000l\000a\000y\000e\000r}{chapter.3}% 30
\BOOKMARK [0][-]{chapter.4}{\376\377\000D\000e\000s\000i\000g\000n}{}% 31
\BOOKMARK [1][-]{section.4.1}{\376\377\000T\000o\000o\000l\000s}{chapter.4}% 32
\BOOKMARK [2][-]{subsection.4.1.1}{\376\377\000F\000i\000g\000m\000a}{section.4.1}% 33
\BOOKMARK [1][-]{section.4.2}{\376\377\000U\000X}{chapter.4}% 34
\BOOKMARK [1][-]{section.4.3}{\376\377\000P\000a\000g\000e\000s}{chapter.4}% 35
\BOOKMARK [2][-]{subsection.4.3.1}{\376\377\000M\000a\000i\000n\000\040\000p\000a\000g\000e}{section.4.3}% 36
\BOOKMARK [0][-]{chapter.5}{\376\377\000C\000o\000n\000c\000l\000u\000s\000i\000o\000n}{}% 37
\BOOKMARK [1][-]{section.5.1}{\376\377\000I\000d\000e\000a}{chapter.5}% 38
\BOOKMARK [1][-]{section.5.2}{\376\377\000I\000m\000p\000l\000e\000m\000e\000n\000t\000a\000t\000i\000o\000n}{chapter.5}% 39
\BOOKMARK [2][-]{subsection.5.2.1}{\376\377\000D\000e\000s\000i\000g\000n}{section.5.2}% 40
\BOOKMARK [2][-]{subsection.5.2.2}{\376\377\000B\000a\000c\000k\000e\000n\000d}{section.5.2}% 41
\BOOKMARK [2][-]{subsection.5.2.3}{\376\377\000F\000r\000o\000n\000t\000e\000n\000d}{section.5.2}% 42
\BOOKMARK [1][-]{section.5.3}{\376\377\000P\000r\000o\000b\000l\000e\000m\000s}{chapter.5}% 43
\BOOKMARK [0][-]{chapter*.28}{\376\377\000R\000e\000f\000e\000r\000e\000n\000c\000e\000s}{}% 44
